<?xml version="1.0" encoding="UTF-8"?>
<testng-results skipped="0" failed="0" total="1" passed="1">
  <reporter-output>
  </reporter-output>
  <suite name="Default suite" duration-ms="11518" started-at="2022-04-12T09:16:07Z" finished-at="2022-04-12T09:16:18Z">
    <groups>
    </groups>
    <test name="Default test" duration-ms="11518" started-at="2022-04-12T09:16:07Z" finished-at="2022-04-12T09:16:18Z">
      <class name="OpencartPOM.VerifyLogin">
        <test-method status="PASS" signature="TestUser()[pri:0, instance:OpencartPOM.VerifyLogin@f5f2bb7]" name="TestUser" duration-ms="11507" started-at="2022-04-12T14:46:07Z" finished-at="2022-04-12T14:46:18Z">
          <reporter-output>
          </reporter-output>
        </test-method> <!-- TestUser -->
      </class> <!-- OpencartPOM.VerifyLogin -->
    </test> <!-- Default test -->
  </suite> <!-- Default suite -->
</testng-results>
